<?xml version="1.0" encoding="UTF-8"?>
<!-- Generated by org.testng.reporters.JUnitReportReporter -->
<testsuite skipped="0" hostname="Josephs-MacBoo.local" name="com.fbistech.Dealer_TestCase.VendAirtime_TestCase" tests="5" failures="0" timestamp="2021-07-29T05:22:23 WAT" time="162.467" errors="0">
  <testcase name="verifyDealerCannotVendAirtimeToCustomer" time="33.814" classname="com.fbistech.Dealer_TestCase.VendAirtime_TestCase"/>
  <system-out/>
  <testcase name="verifyDealerCannotVendAirtimeToRetailer_NotOnDownLine" time="32.292" classname="com.fbistech.Dealer_TestCase.VendAirtime_TestCase"/>
  <system-out/>
  <testcase name="verifyDealerCannotVendAirtimeToRetailer_OnDownLine" time="32.114" classname="com.fbistech.Dealer_TestCase.VendAirtime_TestCase"/>
  <system-out/>
  <testcase name="verifyDealerCannotVendAirtimeToSubdealer_NotOnDownLine" time="31.861" classname="com.fbistech.Dealer_TestCase.VendAirtime_TestCase"/>
  <system-out/>
  <testcase name="verifyDealerCannotVendAirtimeToSubdealer_OnDownLine" time="32.386" classname="com.fbistech.Dealer_TestCase.VendAirtime_TestCase"/>
  <system-out/>
</testsuite> <!-- com.fbistech.Dealer_TestCase.VendAirtime_TestCase -->
