<?xml version="1.0" encoding="UTF-8"?>
<!-- Generated by org.testng.reporters.JUnitReportReporter -->
<testsuite skipped="0" hostname="Josephs-MacBoo.local" name="com.fbistech.SubDealer_TestCase.Transaction_History_TestCase" tests="1" failures="0" timestamp="2021-12-12T19:23:10 WAT" time="39.711" errors="0">
  <testcase name="verifySubDealerCanCheckTransactionHistory" time="39.711" classname="com.fbistech.SubDealer_TestCase.Transaction_History_TestCase"/>
  <system-out/>
</testsuite> <!-- com.fbistech.SubDealer_TestCase.Transaction_History_TestCase -->
