<?xml version="1.0" encoding="UTF-8"?>
<!-- Generated by org.testng.reporters.JUnitReportReporter -->
<testsuite skipped="0" hostname="Josephs-MacBook-Pro.local" name="com.fbistech.SubDealer_TestCase.CheckBalance_TestCase" tests="1" failures="0" timestamp="2021-07-09T01:18:24 WAT" time="7.611" errors="0">
  <testcase name="verifySubDealerCanCheckBalance" time="7.611" classname="com.fbistech.SubDealer_TestCase.CheckBalance_TestCase"/>
  <system-out/>
</testsuite> <!-- com.fbistech.SubDealer_TestCase.CheckBalance_TestCase -->
