<?xml version="1.0" encoding="UTF-8"?>
<!-- Generated by org.testng.reporters.JUnitReportReporter -->
<testsuite skipped="0" hostname="Josephs-MacBoo.local" name="com.fbistech.SubDealer_TestCase.Transaction_HistorySubDealer_TestCase" tests="1" failures="0" timestamp="2021-12-17T13:43:34 WAT" time="45.811" errors="0">
  <testcase name="verifySubDealerCanCheckTransactionHistory" time="45.811" classname="com.fbistech.SubDealer_TestCase.Transaction_HistorySubDealer_TestCase"/>
  <system-out/>
</testsuite> <!-- com.fbistech.SubDealer_TestCase.Transaction_HistorySubDealer_TestCase -->
