<?xml version="1.0" encoding="UTF-8"?>
<!-- Generated by org.testng.reporters.JUnitReportReporter -->
<testsuite skipped="0" hostname="Josephs-MacBoo.local" name="com.fbistech.Retailer_Dealer_TestCases.CheckWalletBalance_TestCase" tests="1" failures="0" timestamp="2021-07-31T17:01:40 WAT" time="14.153" errors="0">
  <testcase name="verifyRetailelrCanCheckWalletBalance" time="14.153" classname="com.fbistech.Retailer_Dealer_TestCases.CheckWalletBalance_TestCase"/>
  <system-out/>
</testsuite> <!-- com.fbistech.Retailer_Dealer_TestCases.CheckWalletBalance_TestCase -->
