<?xml version="1.0" encoding="UTF-8"?>
<!-- Generated by org.testng.reporters.JUnitReportReporter -->
<testsuite skipped="0" hostname="Josephs-MacBoo.local" name="com.fbistech.SubDealer_TestCase.FundRecallSubDealer_TestCase" tests="1" failures="0" timestamp="2021-12-15T15:00:36 WAT" time="99.289" errors="0">
  <testcase name="verifySubDealerCanRecallFund_from_SubdealerOnSameDealer" time="99.289" classname="com.fbistech.SubDealer_TestCase.FundRecallSubDealer_TestCase"/>
  <system-out/>
</testsuite> <!-- com.fbistech.SubDealer_TestCase.FundRecallSubDealer_TestCase -->
