<?xml version="1.0" encoding="UTF-8"?>
<!-- Generated by org.testng.reporters.JUnitReportReporter -->
<testsuite skipped="0" hostname="Josephs-MacBoo.local" name="com.fbistech.SubDealer_TestCase.Transaction_HistorySubDealer_TestCase" tests="1" failures="0" timestamp="2021-12-15T15:02:25 WAT" time="44.631" errors="0">
  <testcase name="verifySubDealerCanCheckTransactionHistory" time="44.631" classname="com.fbistech.SubDealer_TestCase.Transaction_HistorySubDealer_TestCase"/>
  <system-out/>
</testsuite> <!-- com.fbistech.SubDealer_TestCase.Transaction_HistorySubDealer_TestCase -->
