<?xml version="1.0" encoding="UTF-8"?>
<!-- Generated by org.testng.reporters.JUnitReportReporter -->
<testsuite skipped="0" hostname="Josephs-MacBoo.local" name="com.fbistech.SubDealer_TestCase.FundRecall_TestCase" tests="1" failures="0" timestamp="2021-12-12T19:01:39 WAT" time="95.582" errors="0">
  <testcase name="verifySubDealerCanRecallFund_from_SubdealerOnSameDealer" time="95.582" classname="com.fbistech.SubDealer_TestCase.FundRecall_TestCase"/>
  <system-out/>
</testsuite> <!-- com.fbistech.SubDealer_TestCase.FundRecall_TestCase -->
