<?xml version="1.0" encoding="UTF-8"?>
<!-- Generated by org.testng.reporters.JUnitReportReporter -->
<testsuite skipped="0" hostname="Josephs-MacBoo.local" name="com.fbistech.SubDealer_TestCase.FundRecallSubDealer_TestCase" tests="1" failures="0" timestamp="2021-12-22T14:20:19 WAT" time="115.538" errors="0">
  <testcase name="verifySubDealerCanRecallFund_from_RetailerUnderDealer" time="115.538" classname="com.fbistech.SubDealer_TestCase.FundRecallSubDealer_TestCase"/>
  <system-out/>
</testsuite> <!-- com.fbistech.SubDealer_TestCase.FundRecallSubDealer_TestCase -->
