<?xml version="1.0" encoding="UTF-8"?>
<!-- Generated by org.testng.reporters.JUnitReportReporter -->
<testsuite skipped="0" hostname="Josephs-MacBook-Pro.local" name="com.fbistech.SubDealer_TestCase.VendAirtime_SubDealer_TestCase" tests="1" failures="0" timestamp="2021-07-08T19:08:01 WAT" time="36.639" errors="0">
  <testcase name="verifySubDealerCanVendAirtimeTo_RetailerOnDownline" time="36.639" classname="com.fbistech.SubDealer_TestCase.VendAirtime_SubDealer_TestCase"/>
  <system-out/>
</testsuite> <!-- com.fbistech.SubDealer_TestCase.VendAirtime_SubDealer_TestCase -->
