<?xml version="1.0" encoding="UTF-8"?>
<!-- Generated by org.testng.reporters.JUnitReportReporter -->
<testsuite skipped="0" hostname="Josephs-MacBoo.local" name="com.fbistech.SubDealer_TestCase.CheckWalletBalance_TestCase" tests="1" failures="0" timestamp="2021-12-10T04:16:13 WAT" time="16.014" errors="0">
  <testcase name="verifySubDealerCanCheckWalletBalance" time="16.014" classname="com.fbistech.SubDealer_TestCase.CheckWalletBalance_TestCase"/>
  <system-out/>
</testsuite> <!-- com.fbistech.SubDealer_TestCase.CheckWalletBalance_TestCase -->
