<?xml version="1.0" encoding="UTF-8"?>
<!-- Generated by org.testng.reporters.JUnitReportReporter -->
<testsuite skipped="0" hostname="Josephs-MacBoo.local" name="com.fbistech.SubDealer_TestCase.CheckSubDealerWalletBalance_TestCase" tests="1" failures="0" timestamp="2021-12-15T10:11:01 WAT" time="22.109" errors="0">
  <testcase name="verifySubDealerCanCheckWalletBalance" time="22.109" classname="com.fbistech.SubDealer_TestCase.CheckSubDealerWalletBalance_TestCase"/>
  <system-out/>
</testsuite> <!-- com.fbistech.SubDealer_TestCase.CheckSubDealerWalletBalance_TestCase -->
