<?xml version="1.0" encoding="UTF-8"?>
<!-- Generated by org.testng.reporters.JUnitReportReporter -->
<testsuite skipped="0" hostname="Josephs-MacBoo.local" name="com.fbistech.Dealer_TestCase.DirectDealerFunding_TestCase" tests="2" failures="0" timestamp="2021-07-29T04:13:02 WAT" time="66.028" errors="0">
  <testcase name="verifyDealerCannotInitiateRequestFund" time="33.980" classname="com.fbistech.Dealer_TestCase.DirectDealerFunding_TestCase"/>
  <system-out/>
  <testcase name="verifyDealerCannotVendAirtimeToRetailer_NotOnDownLine" time="32.048" classname="com.fbistech.Dealer_TestCase.DirectDealerFunding_TestCase"/>
  <system-out/>
</testsuite> <!-- com.fbistech.Dealer_TestCase.DirectDealerFunding_TestCase -->
