<?xml version="1.0" encoding="UTF-8"?>
<!-- Generated by org.testng.reporters.JUnitReportReporter -->
<testsuite skipped="0" hostname="Josephs-MacBoo.local" name="com.fbistech.SubDealer_TestCase.FundRequest_TestCase" tests="1" failures="0" timestamp="2021-08-05T18:54:42 WAT" time="14.916" errors="0">
  <testcase name="verifySubDealerCanRequestFund" time="14.916" classname="com.fbistech.SubDealer_TestCase.FundRequest_TestCase"/>
  <system-out/>
</testsuite> <!-- com.fbistech.SubDealer_TestCase.FundRequest_TestCase -->
