<?xml version="1.0" encoding="UTF-8"?>
<!-- Generated by org.testng.reporters.JUnitReportReporter -->
<testsuite skipped="0" hostname="Josephs-MacBoo.local" name="com.fbistech.Retailer_TestCases.DirectFunding_TestCase" tests="6" failures="0" timestamp="2021-08-01T04:28:29 WAT" time="192.020" errors="0">
  <testcase name="verifyRetailerCannotFundDealer_NotUpLine" time="32.311" classname="com.fbistech.Retailer_TestCases.DirectFunding_TestCase"/>
  <system-out/>
  <testcase name="verifyRetailerCannotFundDealer_Upline" time="30.142" classname="com.fbistech.Retailer_TestCases.DirectFunding_TestCase"/>
  <system-out/>
  <testcase name="verifyRetailerCannotFundRetailer_NotSameUpline" time="32.679" classname="com.fbistech.Retailer_TestCases.DirectFunding_TestCase"/>
  <system-out/>
  <testcase name="verifyRetailerCannotFundRetailer_SameUpline" time="32.430" classname="com.fbistech.Retailer_TestCases.DirectFunding_TestCase"/>
  <system-out/>
  <testcase name="verifyRetailerCannotFundSubDealer_NotUpline" time="31.828" classname="com.fbistech.Retailer_TestCases.DirectFunding_TestCase"/>
  <system-out/>
  <testcase name="verifyRetailerCannotFundSubDealer_Upline" time="32.630" classname="com.fbistech.Retailer_TestCases.DirectFunding_TestCase"/>
  <system-out/>
</testsuite> <!-- com.fbistech.Retailer_TestCases.DirectFunding_TestCase -->
