<?xml version="1.0" encoding="UTF-8"?>
<!-- Generated by org.testng.reporters.JUnitReportReporter -->
<testsuite skipped="0" hostname="Josephs-MacBoo.local" name="com.fbistech.SubDealer_TestCase.Retrieve_Retailcode_TestCase" tests="1" failures="0" timestamp="2021-12-09T09:07:45 WAT" time="15.690" errors="0">
  <testcase name="verifySubDealerCanRetrieve_Retailcode" time="15.690" classname="com.fbistech.SubDealer_TestCase.Retrieve_Retailcode_TestCase"/>
  <system-out/>
</testsuite> <!-- com.fbistech.SubDealer_TestCase.Retrieve_Retailcode_TestCase -->
