<?xml version="1.0" encoding="UTF-8"?>
<!-- Generated by org.testng.reporters.JUnitReportReporter -->
<testsuite skipped="0" hostname="Josephs-MacBoo.local" name="com.fbistech.Dealer_TestCase.FundRequest_TestCase" tests="1" failures="0" timestamp="2021-07-29T04:45:14 WAT" time="35.312" errors="0">
  <testcase name="verifyDealerCannotInitiateRequestFund" time="35.312" classname="com.fbistech.Dealer_TestCase.FundRequest_TestCase"/>
  <system-out/>
</testsuite> <!-- com.fbistech.Dealer_TestCase.FundRequest_TestCase -->
