<?xml version="1.0" encoding="UTF-8"?>
<!-- Generated by org.testng.reporters.JUnitReportReporter -->
<testsuite skipped="0" hostname="Josephs-MacBoo.local" name="com.fbistech.SubDealer_TestCase.RequestFund_TestCase" tests="1" failures="0" timestamp="2021-07-21T07:22:24 WAT" time="16.754" errors="0">
  <testcase name="verifySubDealerCanRequestFund" time="16.754" classname="com.fbistech.SubDealer_TestCase.RequestFund_TestCase"/>
  <system-out/>
</testsuite> <!-- com.fbistech.SubDealer_TestCase.RequestFund_TestCase -->
