<?xml version="1.0" encoding="UTF-8"?>
<!-- Generated by org.testng.reporters.JUnitReportReporter -->
<testsuite skipped="0" hostname="Josephs-MacBoo.local" name="com.fbistech.SubDealer_TestCase.VendAirtime_TestCase" tests="7" failures="0" timestamp="2021-07-31T15:52:46 WAT" time="278.115" errors="0">
  <testcase name="verifySubDealerCanVendAirtimeToCustomer" time="41.002" classname="com.fbistech.SubDealer_TestCase.VendAirtime_TestCase"/>
  <system-out/>
  <testcase name="verifySubDealerCanVendAirtimeToDealer_NotUpline" time="39.038" classname="com.fbistech.SubDealer_TestCase.VendAirtime_TestCase"/>
  <system-out/>
  <testcase name="verifySubDealerCanVendAirtimeToDealer_Upline" time="39.069" classname="com.fbistech.SubDealer_TestCase.VendAirtime_TestCase"/>
  <system-out/>
  <testcase name="verifySubDealerCanVendAirtimeToRetailer_OnDownline" time="40.869" classname="com.fbistech.SubDealer_TestCase.VendAirtime_TestCase"/>
  <system-out/>
  <testcase name="verifySubDealerCanVendAirtimeToRetailer_NotDownline" time="39.192" classname="com.fbistech.SubDealer_TestCase.VendAirtime_TestCase"/>
  <system-out/>
  <testcase name="verifySubDealerCanVendAirtimeToSubDealer_NotSameUpline" time="39.322" classname="com.fbistech.SubDealer_TestCase.VendAirtime_TestCase"/>
  <system-out/>
  <testcase name="verifySubDealerCanVendAirtimeToSubDealer_SameUpline" time="39.623" classname="com.fbistech.SubDealer_TestCase.VendAirtime_TestCase"/>
  <system-out/>
</testsuite> <!-- com.fbistech.SubDealer_TestCase.VendAirtime_TestCase -->
