<?xml version="1.0" encoding="UTF-8"?>
<!-- Generated by org.testng.reporters.JUnitReportReporter -->
<testsuite skipped="0" hostname="Josephs-MacBoo.local" name="com.fbistech.SubDealer_TestCase.CheckSubDealerWalletBalance_TestCase" tests="1" failures="0" timestamp="2021-12-21T20:10:45 WAT" time="23.993" errors="0">
  <testcase name="verifySubDealerCanCheckWalletBalance" time="23.993" classname="com.fbistech.SubDealer_TestCase.CheckSubDealerWalletBalance_TestCase"/>
  <system-out/>
</testsuite> <!-- com.fbistech.SubDealer_TestCase.CheckSubDealerWalletBalance_TestCase -->
