<?xml version="1.0" encoding="UTF-8"?>
<!-- Generated by org.testng.reporters.JUnitReportReporter -->
<testsuite skipped="0" hostname="Josephs-MacBoo.local" name="com.fbistech.SubDealer_TestCase.DirectFunding_TestCase" tests="2" failures="0" timestamp="2021-12-10T04:33:57 WAT" time="84.882" errors="0">
  <testcase name="verifySubDealerCanFund_RetailerUnderSubdealer" time="44.413" classname="com.fbistech.SubDealer_TestCase.DirectFunding_TestCase"/>
  <system-out/>
  <testcase name="verifySubDealerCanFund_RetailerUnderDealer" time="40.469" classname="com.fbistech.SubDealer_TestCase.DirectFunding_TestCase"/>
  <system-out/>
</testsuite> <!-- com.fbistech.SubDealer_TestCase.DirectFunding_TestCase -->
