<?xml version="1.0" encoding="UTF-8"?>
<!-- Generated by org.testng.reporters.JUnitReportReporter -->
<testsuite skipped="0" hostname="Josephs-MacBoo.local" name="com.fbistech.Dealer_TestCase.CheckBalacne_TestCase" tests="1" failures="0" timestamp="2021-07-27T17:24:03 WAT" time="13.535" errors="0">
  <testcase name="verifyDealerCanChecWalletkBalance" time="13.535" classname="com.fbistech.Dealer_TestCase.CheckBalacne_TestCase"/>
  <system-out/>
</testsuite> <!-- com.fbistech.Dealer_TestCase.CheckBalacne_TestCase -->
